[0108/165812.474:ERROR:directory_reader_win.cc(43)] FindFirstFile: The system cannot find the path specified. (0x3)
[0108/181513.271:ERROR:file_io_win.cc(162)] CreateFile C:\Users\Fadhil\AppData\Local\Temp\puppeteer_dev_chrome_profile-u78oFm\Crashpad\settings.dat: The system cannot find the path specified. (0x3)
[0108/181513.271:ERROR:file_io_win.cc(171)] CreateFile C:\Users\Fadhil\AppData\Local\Temp\puppeteer_dev_chrome_profile-u78oFm\Crashpad\reports\555c1ccf-19fb-4db8-bf8b-5704deda6684.dmp: The system cannot find the path specified. (0x3)
[0108/181513.271:ERROR:crash_report_exception_handler.cc(99)] PrepareNewCrashReport failed
[0108/200930.770:ERROR:directory_reader_win.cc(43)] FindFirstFile: The system cannot find the path specified. (0x3)
[0108/202644.833:ERROR:process_reader_win.cc(151)] SuspendThread: Access is denied. (0x5)
[0108/202644.841:ERROR:file_io_win.cc(162)] CreateFile C:\Users\Fadhil\AppData\Local\Temp\puppeteer_dev_chrome_profile-CktGoe\Crashpad\settings.dat: The system cannot find the path specified. (0x3)
[0108/202644.841:ERROR:file_io_win.cc(171)] CreateFile C:\Users\Fadhil\AppData\Local\Temp\puppeteer_dev_chrome_profile-CktGoe\Crashpad\reports\44086b29-68f9-42fb-b670-ec1631fa9954.dmp: The system cannot find the path specified. (0x3)
[0108/202644.841:ERROR:crash_report_exception_handler.cc(99)] PrepareNewCrashReport failed
[0108/203856.454:ERROR:directory_reader_win.cc(43)] FindFirstFile: The system cannot find the path specified. (0x3)
[0108/204802.839:ERROR:process_reader_win.cc(151)] SuspendThread: Access is denied. (0x5)
[0108/204802.847:ERROR:file_io_win.cc(162)] CreateFile C:\Users\Fadhil\AppData\Local\Temp\puppeteer_dev_chrome_profile-yQodI5\Crashpad\settings.dat: The system cannot find the path specified. (0x3)
[0108/204802.847:ERROR:file_io_win.cc(171)] CreateFile C:\Users\Fadhil\AppData\Local\Temp\puppeteer_dev_chrome_profile-yQodI5\Crashpad\reports\4317eef9-d0ef-4204-9f3f-55ad3bbf0888.dmp: The system cannot find the path specified. (0x3)
[0108/204802.847:ERROR:crash_report_exception_handler.cc(99)] PrepareNewCrashReport failed
[0108/210424.841:ERROR:directory_reader_win.cc(43)] FindFirstFile: The system cannot find the path specified. (0x3)
[0109/100726.390:ERROR:directory_reader_win.cc(43)] FindFirstFile: The system cannot find the path specified. (0x3)
[0109/101119.892:ERROR:process_reader_win.cc(151)] SuspendThread: Access is denied. (0x5)
[0109/101119.900:ERROR:file_io_win.cc(162)] CreateFile C:\Users\Fadhil\AppData\Local\Temp\puppeteer_dev_chrome_profile-IAx4nd\Crashpad\settings.dat: The system cannot find the path specified. (0x3)
[0109/101119.900:ERROR:file_io_win.cc(171)] CreateFile C:\Users\Fadhil\AppData\Local\Temp\puppeteer_dev_chrome_profile-IAx4nd\Crashpad\reports\5f445cc3-c71b-4697-9a16-ceae53ed329a.dmp: The system cannot find the path specified. (0x3)
[0109/101119.900:ERROR:crash_report_exception_handler.cc(99)] PrepareNewCrashReport failed
[0109/103721.532:ERROR:process_reader_win.cc(151)] SuspendThread: Access is denied. (0x5)
[0109/103721.540:ERROR:file_io_win.cc(162)] CreateFile C:\Users\Fadhil\AppData\Local\Temp\puppeteer_dev_chrome_profile-nROyM5\Crashpad\settings.dat: The system cannot find the path specified. (0x3)
[0109/103721.540:ERROR:file_io_win.cc(171)] CreateFile C:\Users\Fadhil\AppData\Local\Temp\puppeteer_dev_chrome_profile-nROyM5\Crashpad\reports\9289b670-0091-4741-8cf6-685c7414ad99.dmp: The system cannot find the path specified. (0x3)
[0109/103721.540:ERROR:crash_report_exception_handler.cc(99)] PrepareNewCrashReport failed
[0109/105147.077:ERROR:directory_reader_win.cc(43)] FindFirstFile: The system cannot find the path specified. (0x3)
[0109/122607.261:ERROR:process_reader_win.cc(151)] SuspendThread: Access is denied. (0x5)
[0109/122607.268:ERROR:file_io_win.cc(162)] CreateFile C:\Users\Fadhil\AppData\Local\Temp\puppeteer_dev_chrome_profile-66P0Mt\Crashpad\settings.dat: The system cannot find the path specified. (0x3)
[0109/122607.269:ERROR:file_io_win.cc(171)] CreateFile C:\Users\Fadhil\AppData\Local\Temp\puppeteer_dev_chrome_profile-66P0Mt\Crashpad\reports\6f6aef44-d236-4448-90f4-5b46e2f60006.dmp: The system cannot find the path specified. (0x3)
[0109/122607.269:ERROR:crash_report_exception_handler.cc(99)] PrepareNewCrashReport failed
[0109/123652.549:ERROR:directory_reader_win.cc(43)] FindFirstFile: The system cannot find the path specified. (0x3)
[0109/144455.745:ERROR:file_io_win.cc(162)] CreateFile C:\Users\Fadhil\AppData\Local\Temp\puppeteer_dev_chrome_profile-iMz2Dy\Crashpad\settings.dat: The system cannot find the path specified. (0x3)
[0109/144455.745:ERROR:file_io_win.cc(171)] CreateFile C:\Users\Fadhil\AppData\Local\Temp\puppeteer_dev_chrome_profile-iMz2Dy\Crashpad\reports\dfe04e50-f6eb-4d25-a61f-a1ee1ec1ea88.dmp: The system cannot find the path specified. (0x3)
[0109/144455.745:ERROR:crash_report_exception_handler.cc(99)] PrepareNewCrashReport failed
[0109/152653.198:ERROR:directory_reader_win.cc(43)] FindFirstFile: The system cannot find the path specified. (0x3)
[0109/161528.942:ERROR:file_io_win.cc(162)] CreateFile C:\Users\Fadhil\AppData\Local\Temp\puppeteer_dev_chrome_profile-Xa1cDt\Crashpad\settings.dat: The system cannot find the path specified. (0x3)
[0109/161528.943:ERROR:file_io_win.cc(171)] CreateFile C:\Users\Fadhil\AppData\Local\Temp\puppeteer_dev_chrome_profile-Xa1cDt\Crashpad\reports\0792247e-539a-412a-b58f-98a3592a4aff.dmp: The system cannot find the path specified. (0x3)
[0109/161528.943:ERROR:crash_report_exception_handler.cc(99)] PrepareNewCrashReport failed
[0109/162827.906:ERROR:directory_reader_win.cc(43)] FindFirstFile: The system cannot find the path specified. (0x3)
[0109/163740.234:ERROR:process_reader_win.cc(151)] SuspendThread: Access is denied. (0x5)
[0109/163740.243:ERROR:file_io_win.cc(162)] CreateFile C:\Users\Fadhil\AppData\Local\Temp\puppeteer_dev_chrome_profile-1QK82n\Crashpad\settings.dat: The system cannot find the path specified. (0x3)
[0109/163740.243:ERROR:file_io_win.cc(171)] CreateFile C:\Users\Fadhil\AppData\Local\Temp\puppeteer_dev_chrome_profile-1QK82n\Crashpad\reports\1bee97d4-b725-4797-82e3-01a882623096.dmp: The system cannot find the path specified. (0x3)
[0109/163740.243:ERROR:crash_report_exception_handler.cc(99)] PrepareNewCrashReport failed
[0109/164826.008:ERROR:directory_reader_win.cc(43)] FindFirstFile: The system cannot find the path specified. (0x3)
[0109/172927.214:ERROR:process_reader_win.cc(151)] SuspendThread: Access is denied. (0x5)
[0109/172927.221:ERROR:file_io_win.cc(162)] CreateFile C:\Users\Fadhil\AppData\Local\Temp\puppeteer_dev_chrome_profile-gpN9At\Crashpad\settings.dat: The system cannot find the path specified. (0x3)
[0109/172927.222:ERROR:file_io_win.cc(171)] CreateFile C:\Users\Fadhil\AppData\Local\Temp\puppeteer_dev_chrome_profile-gpN9At\Crashpad\reports\4cedc83a-8a50-451b-9f2d-6c290f814d30.dmp: The system cannot find the path specified. (0x3)
[0109/172927.222:ERROR:crash_report_exception_handler.cc(99)] PrepareNewCrashReport failed
[0109/192636.209:ERROR:directory_reader_win.cc(43)] FindFirstFile: The system cannot find the path specified. (0x3)
[0109/212206.005:ERROR:process_reader_win.cc(151)] SuspendThread: Access is denied. (0x5)
[0109/212206.021:ERROR:file_io_win.cc(162)] CreateFile C:\Users\Fadhil\AppData\Local\Temp\puppeteer_dev_chrome_profile-Txist8\Crashpad\settings.dat: The system cannot find the path specified. (0x3)
[0109/212206.021:ERROR:file_io_win.cc(171)] CreateFile C:\Users\Fadhil\AppData\Local\Temp\puppeteer_dev_chrome_profile-Txist8\Crashpad\reports\e3cdced0-a427-4172-a699-c2e7228ba2e3.dmp: The system cannot find the path specified. (0x3)
[0109/212206.021:ERROR:crash_report_exception_handler.cc(99)] PrepareNewCrashReport failed
[0110/085646.046:ERROR:process_reader_win.cc(151)] SuspendThread: Access is denied. (0x5)
[0110/085646.061:ERROR:file_io_win.cc(162)] CreateFile C:\Users\Fadhil\AppData\Local\Temp\puppeteer_dev_chrome_profile-XsdtEy\Crashpad\settings.dat: The system cannot find the path specified. (0x3)
[0110/085646.061:ERROR:file_io_win.cc(171)] CreateFile C:\Users\Fadhil\AppData\Local\Temp\puppeteer_dev_chrome_profile-XsdtEy\Crashpad\reports\0a3ec506-d105-412a-aebd-81ecc082d804.dmp: The system cannot find the path specified. (0x3)
[0110/085646.061:ERROR:crash_report_exception_handler.cc(99)] PrepareNewCrashReport failed
[0110/091134.754:ERROR:directory_reader_win.cc(43)] FindFirstFile: The system cannot find the path specified. (0x3)
[0110/110214.684:ERROR:directory_reader_win.cc(43)] FindFirstFile: The system cannot find the path specified. (0x3)
[0110/154956.257:ERROR:process_reader_win.cc(151)] SuspendThread: Access is denied. (0x5)
[0110/154956.257:ERROR:file_io_win.cc(162)] CreateFile C:\Users\Fadhil\AppData\Local\Temp\puppeteer_dev_chrome_profile-miiIv3\Crashpad\settings.dat: The system cannot find the path specified. (0x3)
[0110/154956.257:ERROR:file_io_win.cc(171)] CreateFile C:\Users\Fadhil\AppData\Local\Temp\puppeteer_dev_chrome_profile-miiIv3\Crashpad\reports\a37017ba-ec1e-4212-9816-1848b55bf858.dmp: The system cannot find the path specified. (0x3)
[0110/154956.257:ERROR:crash_report_exception_handler.cc(99)] PrepareNewCrashReport failed
[0110/193036.595:ERROR:directory_reader_win.cc(43)] FindFirstFile: The system cannot find the path specified. (0x3)
[0110/230443.213:ERROR:process_reader_win.cc(151)] SuspendThread: Access is denied. (0x5)
[0110/230443.223:ERROR:file_io_win.cc(162)] CreateFile C:\Users\Fadhil\AppData\Local\Temp\puppeteer_dev_chrome_profile-qpRLrx\Crashpad\settings.dat: The system cannot find the path specified. (0x3)
[0110/230443.224:ERROR:file_io_win.cc(171)] CreateFile C:\Users\Fadhil\AppData\Local\Temp\puppeteer_dev_chrome_profile-qpRLrx\Crashpad\reports\858c26f1-db9d-4afd-8b07-57c3cb4dedbc.dmp: The system cannot find the path specified. (0x3)
[0110/230443.224:ERROR:crash_report_exception_handler.cc(99)] PrepareNewCrashReport failed
[0111/090810.610:ERROR:directory_reader_win.cc(43)] FindFirstFile: The system cannot find the path specified. (0x3)
[0111/183319.316:ERROR:process_reader_win.cc(151)] SuspendThread: Access is denied. (0x5)
[0111/183319.332:ERROR:file_io_win.cc(162)] CreateFile C:\Users\Fadhil\AppData\Local\Temp\puppeteer_dev_chrome_profile-ckVCB6\Crashpad\settings.dat: The system cannot find the path specified. (0x3)
[0111/183319.332:ERROR:file_io_win.cc(171)] CreateFile C:\Users\Fadhil\AppData\Local\Temp\puppeteer_dev_chrome_profile-ckVCB6\Crashpad\reports\b2565c0c-fd63-43b2-ae13-46480d95b18b.dmp: The system cannot find the path specified. (0x3)
[0111/183319.332:ERROR:crash_report_exception_handler.cc(99)] PrepareNewCrashReport failed
[0111/184747.202:ERROR:directory_reader_win.cc(43)] FindFirstFile: The system cannot find the path specified. (0x3)
[0111/221424.044:ERROR:process_reader_win.cc(151)] SuspendThread: Access is denied. (0x5)
[0111/221424.052:ERROR:file_io_win.cc(162)] CreateFile C:\Users\Fadhil\AppData\Local\Temp\puppeteer_dev_chrome_profile-2FfJ4f\Crashpad\settings.dat: The system cannot find the path specified. (0x3)
[0111/221424.052:ERROR:file_io_win.cc(171)] CreateFile C:\Users\Fadhil\AppData\Local\Temp\puppeteer_dev_chrome_profile-2FfJ4f\Crashpad\reports\db6a296a-2a78-4400-b0d5-f341029ca666.dmp: The system cannot find the path specified. (0x3)
[0111/221424.052:ERROR:crash_report_exception_handler.cc(99)] PrepareNewCrashReport failed
[0112/092940.597:ERROR:process_reader_win.cc(151)] SuspendThread: Access is denied. (0x5)
[0112/092940.605:ERROR:file_io_win.cc(162)] CreateFile C:\Users\Fadhil\AppData\Local\Temp\puppeteer_dev_chrome_profile-WbQKdI\Crashpad\settings.dat: The system cannot find the path specified. (0x3)
[0112/092940.605:ERROR:file_io_win.cc(171)] CreateFile C:\Users\Fadhil\AppData\Local\Temp\puppeteer_dev_chrome_profile-WbQKdI\Crashpad\reports\8da4a3bd-2594-4953-b9bb-5e83816b3eab.dmp: The system cannot find the path specified. (0x3)
[0112/092940.605:ERROR:crash_report_exception_handler.cc(99)] PrepareNewCrashReport failed
[0112/093204.330:ERROR:process_reader_win.cc(151)] SuspendThread: Access is denied. (0x5)
[0112/093204.338:ERROR:file_io_win.cc(162)] CreateFile C:\Users\Fadhil\AppData\Local\Temp\puppeteer_dev_chrome_profile-NbDl0x\Crashpad\settings.dat: The system cannot find the path specified. (0x3)
[0112/093204.338:ERROR:file_io_win.cc(171)] CreateFile C:\Users\Fadhil\AppData\Local\Temp\puppeteer_dev_chrome_profile-NbDl0x\Crashpad\reports\181e51d4-045f-4130-92ea-f71f60d8b5a3.dmp: The system cannot find the path specified. (0x3)
[0112/093204.338:ERROR:crash_report_exception_handler.cc(99)] PrepareNewCrashReport failed
[0112/093324.837:ERROR:process_reader_win.cc(151)] SuspendThread: Access is denied. (0x5)
[0112/093324.845:ERROR:file_io_win.cc(162)] CreateFile C:\Users\Fadhil\AppData\Local\Temp\puppeteer_dev_chrome_profile-A7miVD\Crashpad\settings.dat: The system cannot find the path specified. (0x3)
[0112/093324.845:ERROR:file_io_win.cc(171)] CreateFile C:\Users\Fadhil\AppData\Local\Temp\puppeteer_dev_chrome_profile-A7miVD\Crashpad\reports\9cca1e87-140e-4123-a643-d8e9579f98b6.dmp: The system cannot find the path specified. (0x3)
[0112/093324.845:ERROR:crash_report_exception_handler.cc(99)] PrepareNewCrashReport failed
[0112/094452.124:ERROR:directory_reader_win.cc(43)] FindFirstFile: The system cannot find the path specified. (0x3)
[0112/115716.417:ERROR:process_reader_win.cc(151)] SuspendThread: Access is denied. (0x5)
[0112/115716.425:ERROR:file_io_win.cc(162)] CreateFile C:\Users\Fadhil\AppData\Local\Temp\puppeteer_dev_chrome_profile-JFwrOD\Crashpad\settings.dat: The system cannot find the path specified. (0x3)
[0112/115716.425:ERROR:file_io_win.cc(171)] CreateFile C:\Users\Fadhil\AppData\Local\Temp\puppeteer_dev_chrome_profile-JFwrOD\Crashpad\reports\a7dc3f36-76bd-445a-82e1-95f15a893009.dmp: The system cannot find the path specified. (0x3)
[0112/115716.425:ERROR:crash_report_exception_handler.cc(99)] PrepareNewCrashReport failed
[0112/120955.462:ERROR:directory_reader_win.cc(43)] FindFirstFile: The system cannot find the path specified. (0x3)
[0112/121105.367:ERROR:file_io_win.cc(162)] CreateFile C:\Users\Fadhil\AppData\Local\Temp\puppeteer_dev_chrome_profile-stC1rA\Crashpad\settings.dat: The system cannot find the path specified. (0x3)
[0112/121105.367:ERROR:file_io_win.cc(171)] CreateFile C:\Users\Fadhil\AppData\Local\Temp\puppeteer_dev_chrome_profile-stC1rA\Crashpad\reports\b5521c54-c1ea-4696-8327-85ef735e623e.dmp: The system cannot find the path specified. (0x3)
[0112/121105.367:ERROR:crash_report_exception_handler.cc(99)] PrepareNewCrashReport failed
[0112/122121.072:ERROR:directory_reader_win.cc(43)] FindFirstFile: The system cannot find the path specified. (0x3)
[0112/174911.060:ERROR:directory_reader_win.cc(43)] FindFirstFile: The system cannot find the path specified. (0x3)
[0112/181321.755:ERROR:file_io_win.cc(162)] CreateFile C:\Users\Fadhil\AppData\Local\Temp\puppeteer_dev_chrome_profile-X6LO2s\Crashpad\settings.dat: The system cannot find the path specified. (0x3)
[0112/181321.756:ERROR:file_io_win.cc(171)] CreateFile C:\Users\Fadhil\AppData\Local\Temp\puppeteer_dev_chrome_profile-X6LO2s\Crashpad\reports\feb00898-710c-42bf-8786-952e02c32bfa.dmp: The system cannot find the path specified. (0x3)
[0112/181321.756:ERROR:crash_report_exception_handler.cc(99)] PrepareNewCrashReport failed
[0112/182729.170:ERROR:directory_reader_win.cc(43)] FindFirstFile: The system cannot find the path specified. (0x3)
[0112/192502.157:ERROR:process_reader_win.cc(151)] SuspendThread: Access is denied. (0x5)
[0112/192502.165:ERROR:file_io_win.cc(162)] CreateFile C:\Users\Fadhil\AppData\Local\Temp\puppeteer_dev_chrome_profile-iArlCg\Crashpad\settings.dat: The system cannot find the path specified. (0x3)
[0112/192502.165:ERROR:file_io_win.cc(171)] CreateFile C:\Users\Fadhil\AppData\Local\Temp\puppeteer_dev_chrome_profile-iArlCg\Crashpad\reports\4131e1d1-3e87-4288-9805-49bea4ce8b22.dmp: The system cannot find the path specified. (0x3)
[0112/192502.165:ERROR:crash_report_exception_handler.cc(99)] PrepareNewCrashReport failed
[0112/193617.746:ERROR:directory_reader_win.cc(43)] FindFirstFile: The system cannot find the path specified. (0x3)
[0112/223430.452:ERROR:process_reader_win.cc(151)] SuspendThread: Access is denied. (0x5)
[0112/223430.462:ERROR:file_io_win.cc(162)] CreateFile C:\Users\Fadhil\AppData\Local\Temp\puppeteer_dev_chrome_profile-BYMHvQ\Crashpad\settings.dat: The system cannot find the path specified. (0x3)
[0112/223430.462:ERROR:file_io_win.cc(171)] CreateFile C:\Users\Fadhil\AppData\Local\Temp\puppeteer_dev_chrome_profile-BYMHvQ\Crashpad\reports\df1f4353-e999-436a-af26-1602f1d38501.dmp: The system cannot find the path specified. (0x3)
[0112/223430.462:ERROR:crash_report_exception_handler.cc(99)] PrepareNewCrashReport failed
[0113/085931.472:ERROR:process_reader_win.cc(151)] SuspendThread: Access is denied. (0x5)
[0113/085931.485:ERROR:file_io_win.cc(162)] CreateFile C:\Users\Fadhil\AppData\Local\Temp\puppeteer_dev_chrome_profile-Rdvby0\Crashpad\settings.dat: The system cannot find the path specified. (0x3)
[0113/085931.488:ERROR:file_io_win.cc(171)] CreateFile C:\Users\Fadhil\AppData\Local\Temp\puppeteer_dev_chrome_profile-Rdvby0\Crashpad\reports\c5fedc0b-d36d-4d17-b745-cc47ba8252ad.dmp: The system cannot find the path specified. (0x3)
[0113/085931.488:ERROR:crash_report_exception_handler.cc(99)] PrepareNewCrashReport failed
[0113/091149.172:ERROR:directory_reader_win.cc(43)] FindFirstFile: The system cannot find the path specified. (0x3)
[0113/105536.592:ERROR:process_reader_win.cc(151)] SuspendThread: Access is denied. (0x5)
[0113/105536.600:ERROR:file_io_win.cc(162)] CreateFile C:\Users\Fadhil\AppData\Local\Temp\puppeteer_dev_chrome_profile-4nPeBX\Crashpad\settings.dat: The system cannot find the path specified. (0x3)
[0113/105536.600:ERROR:file_io_win.cc(171)] CreateFile C:\Users\Fadhil\AppData\Local\Temp\puppeteer_dev_chrome_profile-4nPeBX\Crashpad\reports\e66c8871-7756-472b-8eb8-658937de265e.dmp: The system cannot find the path specified. (0x3)
[0113/105536.600:ERROR:crash_report_exception_handler.cc(99)] PrepareNewCrashReport failed
[0113/105536.741:ERROR:process_reader_win.cc(151)] SuspendThread: Access is denied. (0x5)
[0113/105536.749:ERROR:file_io_win.cc(162)] CreateFile C:\Users\Fadhil\AppData\Local\Temp\puppeteer_dev_chrome_profile-4nPeBX\Crashpad\settings.dat: The system cannot find the path specified. (0x3)
[0113/105536.749:ERROR:file_io_win.cc(171)] CreateFile C:\Users\Fadhil\AppData\Local\Temp\puppeteer_dev_chrome_profile-4nPeBX\Crashpad\reports\5e6d8ee5-76a3-42ab-96cc-7888d8fc41e8.dmp: The system cannot find the path specified. (0x3)
[0113/105536.749:ERROR:crash_report_exception_handler.cc(99)] PrepareNewCrashReport failed
[0113/120815.726:ERROR:file_io_win.cc(162)] CreateFile C:\Users\Fadhil\AppData\Local\Temp\puppeteer_dev_chrome_profile-PZ0IU0\Crashpad\settings.dat: The system cannot find the path specified. (0x3)
[0113/120815.726:ERROR:file_io_win.cc(171)] CreateFile C:\Users\Fadhil\AppData\Local\Temp\puppeteer_dev_chrome_profile-PZ0IU0\Crashpad\reports\6183afbe-6514-46ae-bfb8-2ebdf5b6e9da.dmp: The system cannot find the path specified. (0x3)
[0113/120815.726:ERROR:crash_report_exception_handler.cc(99)] PrepareNewCrashReport failed
[0113/122053.646:ERROR:directory_reader_win.cc(43)] FindFirstFile: The system cannot find the path specified. (0x3)
[0113/124706.849:ERROR:process_reader_win.cc(151)] SuspendThread: Access is denied. (0x5)
[0113/124706.857:ERROR:file_io_win.cc(162)] CreateFile C:\Users\Fadhil\AppData\Local\Temp\puppeteer_dev_chrome_profile-Ap3szl\Crashpad\settings.dat: The system cannot find the path specified. (0x3)
[0113/124706.865:ERROR:file_io_win.cc(171)] CreateFile C:\Users\Fadhil\AppData\Local\Temp\puppeteer_dev_chrome_profile-Ap3szl\Crashpad\reports\b29cd79e-4585-4e11-be6b-ada2643f2864.dmp: The system cannot find the path specified. (0x3)
[0113/124706.865:ERROR:crash_report_exception_handler.cc(99)] PrepareNewCrashReport failed
[0113/125042.372:ERROR:process_reader_win.cc(151)] SuspendThread: Access is denied. (0x5)
[0113/125042.380:ERROR:file_io_win.cc(162)] CreateFile C:\Users\Fadhil\AppData\Local\Temp\puppeteer_dev_chrome_profile-qyp1qi\Crashpad\settings.dat: The system cannot find the path specified. (0x3)
[0113/125042.380:ERROR:file_io_win.cc(171)] CreateFile C:\Users\Fadhil\AppData\Local\Temp\puppeteer_dev_chrome_profile-qyp1qi\Crashpad\reports\f483a8ae-ed22-4a99-8b21-f08610feff68.dmp: The system cannot find the path specified. (0x3)
[0113/125042.380:ERROR:crash_report_exception_handler.cc(99)] PrepareNewCrashReport failed
[0113/130104.292:ERROR:directory_reader_win.cc(43)] FindFirstFile: The system cannot find the path specified. (0x3)
[0113/144220.822:ERROR:process_reader_win.cc(151)] SuspendThread: Access is denied. (0x5)
[0113/144220.830:ERROR:file_io_win.cc(162)] CreateFile C:\Users\Fadhil\AppData\Local\Temp\puppeteer_dev_chrome_profile-nEvCiQ\Crashpad\settings.dat: The system cannot find the path specified. (0x3)
[0113/144220.830:ERROR:file_io_win.cc(171)] CreateFile C:\Users\Fadhil\AppData\Local\Temp\puppeteer_dev_chrome_profile-nEvCiQ\Crashpad\reports\cef0aa25-dc24-4c0a-a9ed-d28cd221eee9.dmp: The system cannot find the path specified. (0x3)
[0113/144220.831:ERROR:crash_report_exception_handler.cc(99)] PrepareNewCrashReport failed
[0113/184340.371:ERROR:process_reader_win.cc(151)] SuspendThread: Access is denied. (0x5)
[0113/184340.371:ERROR:file_io_win.cc(162)] CreateFile C:\Users\Fadhil\AppData\Local\Temp\puppeteer_dev_chrome_profile-zQTSb9\Crashpad\settings.dat: The system cannot find the path specified. (0x3)
[0113/184340.371:ERROR:file_io_win.cc(171)] CreateFile C:\Users\Fadhil\AppData\Local\Temp\puppeteer_dev_chrome_profile-zQTSb9\Crashpad\reports\d97064db-f6a4-427d-8c34-d397c16fa290.dmp: The system cannot find the path specified. (0x3)
[0113/184340.371:ERROR:crash_report_exception_handler.cc(99)] PrepareNewCrashReport failed
[0113/185550.863:ERROR:directory_reader_win.cc(43)] FindFirstFile: The system cannot find the path specified. (0x3)
[0114/102059.252:ERROR:directory_reader_win.cc(43)] FindFirstFile: The system cannot find the path specified. (0x3)
[0114/132057.577:ERROR:process_reader_win.cc(151)] SuspendThread: Access is denied. (0x5)
[0114/132057.585:ERROR:file_io_win.cc(162)] CreateFile C:\Users\Fadhil\AppData\Local\Temp\puppeteer_dev_chrome_profile-5hXwOh\Crashpad\settings.dat: The system cannot find the path specified. (0x3)
[0114/132057.585:ERROR:file_io_win.cc(171)] CreateFile C:\Users\Fadhil\AppData\Local\Temp\puppeteer_dev_chrome_profile-5hXwOh\Crashpad\reports\1535d34f-eea8-4379-bc4f-860b338df250.dmp: The system cannot find the path specified. (0x3)
[0114/132057.585:ERROR:crash_report_exception_handler.cc(99)] PrepareNewCrashReport failed
[0114/133138.472:ERROR:directory_reader_win.cc(43)] FindFirstFile: The system cannot find the path specified. (0x3)
[0114/174013.019:ERROR:file_io_win.cc(162)] CreateFile C:\Users\Fadhil\AppData\Local\Temp\puppeteer_dev_chrome_profile-o2opnw\Crashpad\settings.dat: The system cannot find the path specified. (0x3)
[0114/174013.019:ERROR:file_io_win.cc(171)] CreateFile C:\Users\Fadhil\AppData\Local\Temp\puppeteer_dev_chrome_profile-o2opnw\Crashpad\reports\17665c0d-9bcc-429e-95ab-52b8cce398ea.dmp: The system cannot find the path specified. (0x3)
[0114/174013.019:ERROR:crash_report_exception_handler.cc(99)] PrepareNewCrashReport failed
[0114/180218.588:ERROR:directory_reader_win.cc(43)] FindFirstFile: The system cannot find the path specified. (0x3)
[0114/214758.815:ERROR:process_reader_win.cc(151)] SuspendThread: Access is denied. (0x5)
[0114/214758.827:ERROR:file_io_win.cc(162)] CreateFile C:\Users\Fadhil\AppData\Local\Temp\puppeteer_dev_chrome_profile-AIxDgi\Crashpad\settings.dat: The system cannot find the path specified. (0x3)
[0114/214758.828:ERROR:file_io_win.cc(171)] CreateFile C:\Users\Fadhil\AppData\Local\Temp\puppeteer_dev_chrome_profile-AIxDgi\Crashpad\reports\b6b97c92-ce7b-45b1-a292-673c044e11c3.dmp: The system cannot find the path specified. (0x3)
[0114/214758.828:ERROR:crash_report_exception_handler.cc(99)] PrepareNewCrashReport failed
[0114/215840.324:ERROR:directory_reader_win.cc(43)] FindFirstFile: The system cannot find the path specified. (0x3)
[0114/220503.001:ERROR:process_reader_win.cc(151)] SuspendThread: Access is denied. (0x5)
[0114/220503.008:ERROR:file_io_win.cc(162)] CreateFile C:\Users\Fadhil\AppData\Local\Temp\puppeteer_dev_chrome_profile-Z2V6PV\Crashpad\settings.dat: The system cannot find the path specified. (0x3)
[0114/220503.008:ERROR:file_io_win.cc(171)] CreateFile C:\Users\Fadhil\AppData\Local\Temp\puppeteer_dev_chrome_profile-Z2V6PV\Crashpad\reports\34a45da6-e98c-4792-95d0-ecef1e4598ab.dmp: The system cannot find the path specified. (0x3)
[0114/220503.008:ERROR:crash_report_exception_handler.cc(99)] PrepareNewCrashReport failed
[0114/221514.410:ERROR:directory_reader_win.cc(43)] FindFirstFile: The system cannot find the path specified. (0x3)
[0115/064229.576:ERROR:process_reader_win.cc(151)] SuspendThread: Access is denied. (0x5)
[0115/064229.586:ERROR:file_io_win.cc(162)] CreateFile C:\Users\Fadhil\AppData\Local\Temp\puppeteer_dev_chrome_profile-oXgjkp\Crashpad\settings.dat: The system cannot find the path specified. (0x3)
[0115/064229.586:ERROR:file_io_win.cc(171)] CreateFile C:\Users\Fadhil\AppData\Local\Temp\puppeteer_dev_chrome_profile-oXgjkp\Crashpad\reports\edf33a5b-4a4e-4a0f-ad53-38afa1c8e7da.dmp: The system cannot find the path specified. (0x3)
[0115/064229.586:ERROR:crash_report_exception_handler.cc(99)] PrepareNewCrashReport failed
[0115/065245.246:ERROR:directory_reader_win.cc(43)] FindFirstFile: The system cannot find the path specified. (0x3)
[0115/065321.741:ERROR:process_reader_win.cc(151)] SuspendThread: Access is denied. (0x5)
[0115/065321.751:ERROR:file_io_win.cc(162)] CreateFile C:\Users\Fadhil\AppData\Local\Temp\puppeteer_dev_chrome_profile-244nx6\Crashpad\settings.dat: The system cannot find the path specified. (0x3)
[0115/065321.751:ERROR:file_io_win.cc(171)] CreateFile C:\Users\Fadhil\AppData\Local\Temp\puppeteer_dev_chrome_profile-244nx6\Crashpad\reports\47bac0a0-6145-4216-a663-846df43a5919.dmp: The system cannot find the path specified. (0x3)
[0115/065321.751:ERROR:crash_report_exception_handler.cc(99)] PrepareNewCrashReport failed
[0115/070346.131:ERROR:directory_reader_win.cc(43)] FindFirstFile: The system cannot find the path specified. (0x3)
[0115/114635.734:ERROR:process_reader_win.cc(151)] SuspendThread: Access is denied. (0x5)
[0115/114635.734:ERROR:file_io_win.cc(162)] CreateFile C:\Users\Fadhil\AppData\Local\Temp\puppeteer_dev_chrome_profile-yZeMGb\Crashpad\settings.dat: The system cannot find the path specified. (0x3)
[0115/114635.734:ERROR:file_io_win.cc(171)] CreateFile C:\Users\Fadhil\AppData\Local\Temp\puppeteer_dev_chrome_profile-yZeMGb\Crashpad\reports\faf9934d-2a8d-4cc4-9dd7-5e0a69695597.dmp: The system cannot find the path specified. (0x3)
[0115/114635.734:ERROR:crash_report_exception_handler.cc(99)] PrepareNewCrashReport failed
[0115/123348.488:ERROR:process_reader_win.cc(151)] SuspendThread: Access is denied. (0x5)
[0115/123348.496:ERROR:file_io_win.cc(162)] CreateFile C:\Users\Fadhil\AppData\Local\Temp\puppeteer_dev_chrome_profile-10tKGF\Crashpad\settings.dat: The system cannot find the path specified. (0x3)
[0115/123348.496:ERROR:file_io_win.cc(171)] CreateFile C:\Users\Fadhil\AppData\Local\Temp\puppeteer_dev_chrome_profile-10tKGF\Crashpad\reports\4904a491-95b0-493e-bc8e-cf54ef5b0e21.dmp: The system cannot find the path specified. (0x3)
[0115/123348.496:ERROR:crash_report_exception_handler.cc(99)] PrepareNewCrashReport failed
[0115/130012.665:ERROR:directory_reader_win.cc(43)] FindFirstFile: The system cannot find the path specified. (0x3)
[0115/130339.352:ERROR:process_reader_win.cc(151)] SuspendThread: Access is denied. (0x5)
[0115/130339.359:ERROR:file_io_win.cc(162)] CreateFile C:\Users\Fadhil\AppData\Local\Temp\puppeteer_dev_chrome_profile-SU4dim\Crashpad\settings.dat: The system cannot find the path specified. (0x3)
[0115/130339.359:ERROR:file_io_win.cc(171)] CreateFile C:\Users\Fadhil\AppData\Local\Temp\puppeteer_dev_chrome_profile-SU4dim\Crashpad\reports\869677a4-0407-42b4-8901-eda2a7a26f8f.dmp: The system cannot find the path specified. (0x3)
[0115/130339.359:ERROR:crash_report_exception_handler.cc(99)] PrepareNewCrashReport failed
[0115/133455.317:ERROR:process_reader_win.cc(151)] SuspendThread: Access is denied. (0x5)
[0115/133455.317:ERROR:file_io_win.cc(162)] CreateFile C:\Users\Fadhil\AppData\Local\Temp\puppeteer_dev_chrome_profile-xuz5aI\Crashpad\settings.dat: The system cannot find the path specified. (0x3)
[0115/133455.333:ERROR:file_io_win.cc(171)] CreateFile C:\Users\Fadhil\AppData\Local\Temp\puppeteer_dev_chrome_profile-xuz5aI\Crashpad\reports\eb5d6547-9d6c-43d7-96f3-d9cbed0f46b6.dmp: The system cannot find the path specified. (0x3)
[0115/133455.333:ERROR:crash_report_exception_handler.cc(99)] PrepareNewCrashReport failed
[0115/135120.864:ERROR:directory_reader_win.cc(43)] FindFirstFile: The system cannot find the path specified. (0x3)
[0115/173319.682:ERROR:process_reader_win.cc(151)] SuspendThread: Access is denied. (0x5)
[0115/173319.690:ERROR:file_io_win.cc(162)] CreateFile C:\Users\Fadhil\AppData\Local\Temp\puppeteer_dev_chrome_profile-JerinJ\Crashpad\settings.dat: The system cannot find the path specified. (0x3)
[0115/173319.690:ERROR:file_io_win.cc(171)] CreateFile C:\Users\Fadhil\AppData\Local\Temp\puppeteer_dev_chrome_profile-JerinJ\Crashpad\reports\6ac207db-cc0e-4d7c-9c6f-e09db1eb4ce4.dmp: The system cannot find the path specified. (0x3)
[0115/173319.690:ERROR:crash_report_exception_handler.cc(99)] PrepareNewCrashReport failed
[0115/181401.617:ERROR:directory_reader_win.cc(43)] FindFirstFile: The system cannot find the path specified. (0x3)
[0115/192755.013:ERROR:process_reader_win.cc(151)] SuspendThread: Access is denied. (0x5)
[0115/192755.020:ERROR:file_io_win.cc(162)] CreateFile C:\Users\Fadhil\AppData\Local\Temp\puppeteer_dev_chrome_profile-U39TG1\Crashpad\settings.dat: The system cannot find the path specified. (0x3)
[0115/192755.021:ERROR:file_io_win.cc(171)] CreateFile C:\Users\Fadhil\AppData\Local\Temp\puppeteer_dev_chrome_profile-U39TG1\Crashpad\reports\0f7afb0e-1f0a-4b58-a2b8-cf516762333c.dmp: The system cannot find the path specified. (0x3)
[0115/192755.021:ERROR:crash_report_exception_handler.cc(99)] PrepareNewCrashReport failed
[0115/193057.896:ERROR:process_reader_win.cc(151)] SuspendThread: Access is denied. (0x5)
[0115/193057.896:ERROR:file_io_win.cc(162)] CreateFile C:\Users\Fadhil\AppData\Local\Temp\puppeteer_dev_chrome_profile-AL2To5\Crashpad\settings.dat: The system cannot find the path specified. (0x3)
[0115/193057.896:ERROR:file_io_win.cc(171)] CreateFile C:\Users\Fadhil\AppData\Local\Temp\puppeteer_dev_chrome_profile-AL2To5\Crashpad\reports\924fef7f-12e9-4bbb-a4ba-02f9653d5d0a.dmp: The system cannot find the path specified. (0x3)
[0115/193057.896:ERROR:crash_report_exception_handler.cc(99)] PrepareNewCrashReport failed
[0115/193432.126:ERROR:process_reader_win.cc(151)] SuspendThread: Access is denied. (0x5)
[0115/193432.134:ERROR:file_io_win.cc(162)] CreateFile C:\Users\Fadhil\AppData\Local\Temp\puppeteer_dev_chrome_profile-I5jZNl\Crashpad\settings.dat: The system cannot find the path specified. (0x3)
[0115/193432.134:ERROR:file_io_win.cc(171)] CreateFile C:\Users\Fadhil\AppData\Local\Temp\puppeteer_dev_chrome_profile-I5jZNl\Crashpad\reports\fa57cd8e-bcf6-45eb-94d1-ca7bacdedf57.dmp: The system cannot find the path specified. (0x3)
[0115/193432.134:ERROR:crash_report_exception_handler.cc(99)] PrepareNewCrashReport failed
[0115/194504.757:ERROR:directory_reader_win.cc(43)] FindFirstFile: The system cannot find the path specified. (0x3)
[0115/195352.286:ERROR:process_reader_win.cc(151)] SuspendThread: Access is denied. (0x5)
[0115/195352.293:ERROR:file_io_win.cc(162)] CreateFile C:\Users\Fadhil\AppData\Local\Temp\puppeteer_dev_chrome_profile-ksNz2j\Crashpad\settings.dat: The system cannot find the path specified. (0x3)
[0115/195352.293:ERROR:file_io_win.cc(171)] CreateFile C:\Users\Fadhil\AppData\Local\Temp\puppeteer_dev_chrome_profile-ksNz2j\Crashpad\reports\827cb1ca-a6cc-4950-85f0-548859430731.dmp: The system cannot find the path specified. (0x3)
[0115/195352.293:ERROR:crash_report_exception_handler.cc(99)] PrepareNewCrashReport failed
[0115/200419.448:ERROR:directory_reader_win.cc(43)] FindFirstFile: The system cannot find the path specified. (0x3)
[0115/204245.410:ERROR:process_reader_win.cc(151)] SuspendThread: Access is denied. (0x5)
[0115/204245.416:ERROR:file_io_win.cc(162)] CreateFile C:\Users\Fadhil\AppData\Local\Temp\puppeteer_dev_chrome_profile-t78znS\Crashpad\settings.dat: The system cannot find the path specified. (0x3)
[0115/204245.417:ERROR:file_io_win.cc(171)] CreateFile C:\Users\Fadhil\AppData\Local\Temp\puppeteer_dev_chrome_profile-t78znS\Crashpad\reports\9ad3d5d5-8355-481f-a3d6-7dfaaf216cc0.dmp: The system cannot find the path specified. (0x3)
[0115/204245.417:ERROR:crash_report_exception_handler.cc(99)] PrepareNewCrashReport failed
[0115/205326.587:ERROR:directory_reader_win.cc(43)] FindFirstFile: The system cannot find the path specified. (0x3)
[0115/210349.611:ERROR:process_reader_win.cc(151)] SuspendThread: Access is denied. (0x5)
[0115/210349.618:ERROR:file_io_win.cc(162)] CreateFile C:\Users\Fadhil\AppData\Local\Temp\puppeteer_dev_chrome_profile-ZKZrOj\Crashpad\settings.dat: The system cannot find the path specified. (0x3)
[0115/210349.618:ERROR:file_io_win.cc(171)] CreateFile C:\Users\Fadhil\AppData\Local\Temp\puppeteer_dev_chrome_profile-ZKZrOj\Crashpad\reports\6d78c976-cc36-4afe-ad8e-024dd79aa636.dmp: The system cannot find the path specified. (0x3)
[0115/210349.618:ERROR:crash_report_exception_handler.cc(99)] PrepareNewCrashReport failed
[0115/214404.459:ERROR:directory_reader_win.cc(43)] FindFirstFile: The system cannot find the path specified. (0x3)
[0115/235353.444:ERROR:process_reader_win.cc(151)] SuspendThread: Access is denied. (0x5)
[0115/235353.460:ERROR:file_io_win.cc(162)] CreateFile C:\Users\Fadhil\AppData\Local\Temp\puppeteer_dev_chrome_profile-Iij6cS\Crashpad\settings.dat: The system cannot find the path specified. (0x3)
[0115/235353.460:ERROR:file_io_win.cc(171)] CreateFile C:\Users\Fadhil\AppData\Local\Temp\puppeteer_dev_chrome_profile-Iij6cS\Crashpad\reports\696b40ea-d4f9-4079-bdb0-6ba29a94274a.dmp: The system cannot find the path specified. (0x3)
[0115/235353.460:ERROR:crash_report_exception_handler.cc(99)] PrepareNewCrashReport failed
[0116/085350.248:ERROR:directory_reader_win.cc(43)] FindFirstFile: The system cannot find the path specified. (0x3)
[0116/115600.232:ERROR:file_io_win.cc(162)] CreateFile C:\Users\Fadhil\AppData\Local\Temp\puppeteer_dev_chrome_profile-KnIwW4\Crashpad\settings.dat: The system cannot find the path specified. (0x3)
[0116/115600.232:ERROR:file_io_win.cc(171)] CreateFile C:\Users\Fadhil\AppData\Local\Temp\puppeteer_dev_chrome_profile-KnIwW4\Crashpad\reports\b468680e-f0b5-45a0-821f-43e7c272eae6.dmp: The system cannot find the path specified. (0x3)
[0116/115600.232:ERROR:crash_report_exception_handler.cc(99)] PrepareNewCrashReport failed
[0116/120148.463:ERROR:process_reader_win.cc(151)] SuspendThread: Access is denied. (0x5)
[0116/120148.471:ERROR:file_io_win.cc(162)] CreateFile C:\Users\Fadhil\AppData\Local\Temp\puppeteer_dev_chrome_profile-TvTSfu\Crashpad\settings.dat: The system cannot find the path specified. (0x3)
[0116/120148.472:ERROR:file_io_win.cc(171)] CreateFile C:\Users\Fadhil\AppData\Local\Temp\puppeteer_dev_chrome_profile-TvTSfu\Crashpad\reports\2cfb7072-71f4-4ee7-a127-562204b45ab0.dmp: The system cannot find the path specified. (0x3)
[0116/120148.472:ERROR:crash_report_exception_handler.cc(99)] PrepareNewCrashReport failed
[0116/120244.199:ERROR:process_reader_win.cc(151)] SuspendThread: Access is denied. (0x5)
[0116/120244.209:ERROR:file_io_win.cc(162)] CreateFile C:\Users\Fadhil\AppData\Local\Temp\puppeteer_dev_chrome_profile-LhGSHL\Crashpad\settings.dat: The system cannot find the path specified. (0x3)
[0116/120244.209:ERROR:file_io_win.cc(171)] CreateFile C:\Users\Fadhil\AppData\Local\Temp\puppeteer_dev_chrome_profile-LhGSHL\Crashpad\reports\ece9b2cf-ca4e-46f3-8450-bb9b2650754d.dmp: The system cannot find the path specified. (0x3)
[0116/120244.209:ERROR:crash_report_exception_handler.cc(99)] PrepareNewCrashReport failed
[0116/121449.254:ERROR:directory_reader_win.cc(43)] FindFirstFile: The system cannot find the path specified. (0x3)
[0116/141542.438:ERROR:process_reader_win.cc(151)] SuspendThread: Access is denied. (0x5)
[0116/141542.454:ERROR:file_io_win.cc(162)] CreateFile C:\Users\Fadhil\AppData\Local\Temp\puppeteer_dev_chrome_profile-JWxeof\Crashpad\settings.dat: The system cannot find the path specified. (0x3)
[0116/141542.454:ERROR:file_io_win.cc(171)] CreateFile C:\Users\Fadhil\AppData\Local\Temp\puppeteer_dev_chrome_profile-JWxeof\Crashpad\reports\91947831-b8e5-4a84-95aa-6a792e60d600.dmp: The system cannot find the path specified. (0x3)
[0116/141542.454:ERROR:crash_report_exception_handler.cc(99)] PrepareNewCrashReport failed
[0116/174200.324:ERROR:directory_reader_win.cc(43)] FindFirstFile: The system cannot find the path specified. (0x3)
[0116/180314.733:ERROR:process_reader_win.cc(151)] SuspendThread: Access is denied. (0x5)
[0116/180314.749:ERROR:file_io_win.cc(162)] CreateFile C:\Users\Fadhil\AppData\Local\Temp\puppeteer_dev_chrome_profile-idP7Ex\Crashpad\settings.dat: The system cannot find the path specified. (0x3)
[0116/180314.749:ERROR:file_io_win.cc(171)] CreateFile C:\Users\Fadhil\AppData\Local\Temp\puppeteer_dev_chrome_profile-idP7Ex\Crashpad\reports\f4000cf4-4033-4459-a552-c473e3ffa23a.dmp: The system cannot find the path specified. (0x3)
[0116/180314.749:ERROR:crash_report_exception_handler.cc(99)] PrepareNewCrashReport failed
[0116/180530.413:ERROR:process_reader_win.cc(151)] SuspendThread: Access is denied. (0x5)
[0116/180530.423:ERROR:file_io_win.cc(162)] CreateFile C:\Users\Fadhil\AppData\Local\Temp\puppeteer_dev_chrome_profile-UjgJSl\Crashpad\settings.dat: The system cannot find the path specified. (0x3)
[0116/180530.423:ERROR:file_io_win.cc(171)] CreateFile C:\Users\Fadhil\AppData\Local\Temp\puppeteer_dev_chrome_profile-UjgJSl\Crashpad\reports\709ba89f-5570-49d7-a4c4-a14b04bb45e5.dmp: The system cannot find the path specified. (0x3)
[0116/180530.423:ERROR:crash_report_exception_handler.cc(99)] PrepareNewCrashReport failed
[0116/181556.394:ERROR:directory_reader_win.cc(43)] FindFirstFile: The system cannot find the path specified. (0x3)
[0116/235523.972:ERROR:process_reader_win.cc(151)] SuspendThread: Access is denied. (0x5)
[0116/235523.980:ERROR:file_io_win.cc(162)] CreateFile C:\Users\Fadhil\AppData\Local\Temp\puppeteer_dev_chrome_profile-bTGAkz\Crashpad\settings.dat: The system cannot find the path specified. (0x3)
[0116/235523.980:ERROR:file_io_win.cc(171)] CreateFile C:\Users\Fadhil\AppData\Local\Temp\puppeteer_dev_chrome_profile-bTGAkz\Crashpad\reports\62a217c1-274c-40dd-9cc7-f8dc2fdbf3fd.dmp: The system cannot find the path specified. (0x3)
[0116/235523.980:ERROR:crash_report_exception_handler.cc(99)] PrepareNewCrashReport failed
[0117/091129.865:ERROR:directory_reader_win.cc(43)] FindFirstFile: The system cannot find the path specified. (0x3)
[0117/095527.859:ERROR:process_reader_win.cc(151)] SuspendThread: Access is denied. (0x5)
[0117/095527.875:ERROR:file_io_win.cc(162)] CreateFile C:\Users\Fadhil\AppData\Local\Temp\puppeteer_dev_chrome_profile-jFnxoH\Crashpad\settings.dat: The system cannot find the path specified. (0x3)
[0117/095527.875:ERROR:file_io_win.cc(171)] CreateFile C:\Users\Fadhil\AppData\Local\Temp\puppeteer_dev_chrome_profile-jFnxoH\Crashpad\reports\f24c4027-0665-410b-a2f9-e765d7bf1395.dmp: The system cannot find the path specified. (0x3)
[0117/095527.875:ERROR:crash_report_exception_handler.cc(99)] PrepareNewCrashReport failed
[0117/095853.875:ERROR:process_reader_win.cc(151)] SuspendThread: Access is denied. (0x5)
[0117/095853.890:ERROR:file_io_win.cc(162)] CreateFile C:\Users\Fadhil\AppData\Local\Temp\puppeteer_dev_chrome_profile-HdGtxc\Crashpad\settings.dat: The system cannot find the path specified. (0x3)
[0117/095853.890:ERROR:file_io_win.cc(171)] CreateFile C:\Users\Fadhil\AppData\Local\Temp\puppeteer_dev_chrome_profile-HdGtxc\Crashpad\reports\568d56de-1cdb-4836-9c0d-599f14e79263.dmp: The system cannot find the path specified. (0x3)
[0117/095853.890:ERROR:crash_report_exception_handler.cc(99)] PrepareNewCrashReport failed
[0117/100904.948:ERROR:directory_reader_win.cc(43)] FindFirstFile: The system cannot find the path specified. (0x3)
[0117/115017.677:ERROR:process_reader_win.cc(151)] SuspendThread: Access is denied. (0x5)
[0117/115017.685:ERROR:file_io_win.cc(162)] CreateFile C:\Users\Fadhil\AppData\Local\Temp\puppeteer_dev_chrome_profile-kuELUM\Crashpad\settings.dat: The system cannot find the path specified. (0x3)
[0117/115017.685:ERROR:file_io_win.cc(171)] CreateFile C:\Users\Fadhil\AppData\Local\Temp\puppeteer_dev_chrome_profile-kuELUM\Crashpad\reports\749126e0-b048-45c9-b154-1b642b35f155.dmp: The system cannot find the path specified. (0x3)
[0117/115017.685:ERROR:crash_report_exception_handler.cc(99)] PrepareNewCrashReport failed
[0117/120043.573:ERROR:directory_reader_win.cc(43)] FindFirstFile: The system cannot find the path specified. (0x3)
[0117/154949.219:ERROR:file_io_win.cc(162)] CreateFile C:\Users\Fadhil\AppData\Local\Temp\puppeteer_dev_chrome_profile-eH0E2i\Crashpad\settings.dat: The system cannot find the path specified. (0x3)
[0117/154949.219:ERROR:file_io_win.cc(171)] CreateFile C:\Users\Fadhil\AppData\Local\Temp\puppeteer_dev_chrome_profile-eH0E2i\Crashpad\reports\c2d74a3b-d23a-4b0c-9fc1-4d32af4de337.dmp: The system cannot find the path specified. (0x3)
[0117/154949.219:ERROR:crash_report_exception_handler.cc(99)] PrepareNewCrashReport failed
[0117/160030.015:ERROR:directory_reader_win.cc(43)] FindFirstFile: The system cannot find the path specified. (0x3)
[0117/160739.287:ERROR:process_reader_win.cc(151)] SuspendThread: Access is denied. (0x5)
[0117/160739.294:ERROR:file_io_win.cc(162)] CreateFile C:\Users\Fadhil\AppData\Local\Temp\puppeteer_dev_chrome_profile-pRl1bC\Crashpad\settings.dat: The system cannot find the path specified. (0x3)
[0117/160739.294:ERROR:file_io_win.cc(171)] CreateFile C:\Users\Fadhil\AppData\Local\Temp\puppeteer_dev_chrome_profile-pRl1bC\Crashpad\reports\ebc325ed-c5d5-4994-863a-415cd1e7f5c2.dmp: The system cannot find the path specified. (0x3)
[0117/160739.294:ERROR:crash_report_exception_handler.cc(99)] PrepareNewCrashReport failed
[0117/184959.054:ERROR:directory_reader_win.cc(43)] FindFirstFile: The system cannot find the path specified. (0x3)
[0117/201236.265:ERROR:process_reader_win.cc(151)] SuspendThread: Access is denied. (0x5)
[0117/201236.273:ERROR:file_io_win.cc(162)] CreateFile C:\Users\Fadhil\AppData\Local\Temp\puppeteer_dev_chrome_profile-TRnH37\Crashpad\settings.dat: The system cannot find the path specified. (0x3)
[0117/201236.273:ERROR:file_io_win.cc(171)] CreateFile C:\Users\Fadhil\AppData\Local\Temp\puppeteer_dev_chrome_profile-TRnH37\Crashpad\reports\0d87ddb2-c85d-4a8e-90b2-c03699ade335.dmp: The system cannot find the path specified. (0x3)
[0117/201236.273:ERROR:crash_report_exception_handler.cc(99)] PrepareNewCrashReport failed
[0117/203352.617:ERROR:directory_reader_win.cc(43)] FindFirstFile: The system cannot find the path specified. (0x3)
[0117/232636.912:ERROR:process_reader_win.cc(151)] SuspendThread: Access is denied. (0x5)
[0117/232636.929:ERROR:file_io_win.cc(162)] CreateFile C:\Users\Fadhil\AppData\Local\Temp\puppeteer_dev_chrome_profile-dP7ulV\Crashpad\settings.dat: The system cannot find the path specified. (0x3)
[0117/232636.929:ERROR:file_io_win.cc(171)] CreateFile C:\Users\Fadhil\AppData\Local\Temp\puppeteer_dev_chrome_profile-dP7ulV\Crashpad\reports\f4db5644-8923-4af4-863c-1822fee8e721.dmp: The system cannot find the path specified. (0x3)
[0117/232636.929:ERROR:crash_report_exception_handler.cc(99)] PrepareNewCrashReport failed
[0118/091004.633:ERROR:directory_reader_win.cc(43)] FindFirstFile: The system cannot find the path specified. (0x3)
[0118/095757.218:ERROR:file_io_win.cc(162)] CreateFile C:\Users\Fadhil\AppData\Local\Temp\puppeteer_dev_chrome_profile-l14Rni\Crashpad\settings.dat: The system cannot find the path specified. (0x3)
[0118/095757.218:ERROR:file_io_win.cc(171)] CreateFile C:\Users\Fadhil\AppData\Local\Temp\puppeteer_dev_chrome_profile-l14Rni\Crashpad\reports\1a6a7575-93f7-4405-b273-e0766e2bc0c0.dmp: The system cannot find the path specified. (0x3)
[0118/095757.218:ERROR:crash_report_exception_handler.cc(99)] PrepareNewCrashReport failed
[0118/100807.771:ERROR:directory_reader_win.cc(43)] FindFirstFile: The system cannot find the path specified. (0x3)
[0118/101106.446:ERROR:process_reader_win.cc(151)] SuspendThread: Access is denied. (0x5)
[0118/101106.462:ERROR:file_io_win.cc(162)] CreateFile C:\Users\Fadhil\AppData\Local\Temp\puppeteer_dev_chrome_profile-eRPQL7\Crashpad\settings.dat: The system cannot find the path specified. (0x3)
[0118/101106.462:ERROR:file_io_win.cc(171)] CreateFile C:\Users\Fadhil\AppData\Local\Temp\puppeteer_dev_chrome_profile-eRPQL7\Crashpad\reports\a779e804-293d-41fd-9a05-463f31e91f76.dmp: The system cannot find the path specified. (0x3)
[0118/101106.462:ERROR:crash_report_exception_handler.cc(99)] PrepareNewCrashReport failed
[0118/102139.608:ERROR:directory_reader_win.cc(43)] FindFirstFile: The system cannot find the path specified. (0x3)
[0118/111349.980:ERROR:process_reader_win.cc(151)] SuspendThread: Access is denied. (0x5)
[0118/111349.988:ERROR:file_io_win.cc(162)] CreateFile C:\Users\Fadhil\AppData\Local\Temp\puppeteer_dev_chrome_profile-stcReI\Crashpad\settings.dat: The system cannot find the path specified. (0x3)
[0118/111349.988:ERROR:file_io_win.cc(171)] CreateFile C:\Users\Fadhil\AppData\Local\Temp\puppeteer_dev_chrome_profile-stcReI\Crashpad\reports\9009b4fc-4a56-43af-aadb-3dfeff3d4d31.dmp: The system cannot find the path specified. (0x3)
[0118/111349.988:ERROR:crash_report_exception_handler.cc(99)] PrepareNewCrashReport failed
[0118/183434.817:ERROR:process_reader_win.cc(151)] SuspendThread: Access is denied. (0x5)
[0118/183434.832:ERROR:file_io_win.cc(162)] CreateFile C:\Users\Fadhil\AppData\Local\Temp\puppeteer_dev_chrome_profile-FqGPKH\Crashpad\settings.dat: The system cannot find the path specified. (0x3)
[0118/183434.832:ERROR:file_io_win.cc(171)] CreateFile C:\Users\Fadhil\AppData\Local\Temp\puppeteer_dev_chrome_profile-FqGPKH\Crashpad\reports\3615ef77-6799-4dd3-844e-6fee71827fc7.dmp: The system cannot find the path specified. (0x3)
[0118/183434.832:ERROR:crash_report_exception_handler.cc(99)] PrepareNewCrashReport failed
[0118/183653.028:ERROR:process_reader_win.cc(151)] SuspendThread: Access is denied. (0x5)
[0118/183653.036:ERROR:file_io_win.cc(162)] CreateFile C:\Users\Fadhil\AppData\Local\Temp\puppeteer_dev_chrome_profile-7oyURW\Crashpad\settings.dat: The system cannot find the path specified. (0x3)
[0118/183653.036:ERROR:file_io_win.cc(171)] CreateFile C:\Users\Fadhil\AppData\Local\Temp\puppeteer_dev_chrome_profile-7oyURW\Crashpad\reports\0ad7f735-4896-43ac-be1d-3dffbbfb9d13.dmp: The system cannot find the path specified. (0x3)
[0118/183653.036:ERROR:crash_report_exception_handler.cc(99)] PrepareNewCrashReport failed
[0125/205300.964:ERROR:process_reader_win.cc(151)] SuspendThread: Access is denied. (0x5)
[0125/205300.980:ERROR:file_io_win.cc(162)] CreateFile C:\Users\Fadhil\AppData\Local\Temp\puppeteer_dev_chrome_profile-ThHkrN\Crashpad\settings.dat: The system cannot find the path specified. (0x3)
[0125/205300.980:ERROR:file_io_win.cc(171)] CreateFile C:\Users\Fadhil\AppData\Local\Temp\puppeteer_dev_chrome_profile-ThHkrN\Crashpad\reports\17b07173-23c8-40c0-ac0c-8caad5c9050d.dmp: The system cannot find the path specified. (0x3)
[0125/205300.980:ERROR:crash_report_exception_handler.cc(99)] PrepareNewCrashReport failed
[0125/210313.480:ERROR:directory_reader_win.cc(43)] FindFirstFile: The system cannot find the path specified. (0x3)
[0125/210826.894:ERROR:process_reader_win.cc(151)] SuspendThread: Access is denied. (0x5)
[0125/210826.900:ERROR:file_io_win.cc(162)] CreateFile C:\Users\Fadhil\AppData\Local\Temp\puppeteer_dev_chrome_profile-o2bYL5\Crashpad\settings.dat: The system cannot find the path specified. (0x3)
[0125/210826.901:ERROR:file_io_win.cc(171)] CreateFile C:\Users\Fadhil\AppData\Local\Temp\puppeteer_dev_chrome_profile-o2bYL5\Crashpad\reports\feeedad9-78a0-4355-befd-870e4995421c.dmp: The system cannot find the path specified. (0x3)
[0125/210826.901:ERROR:crash_report_exception_handler.cc(99)] PrepareNewCrashReport failed
